Using pre-set license
Built from '2021.3/staging' branch; Version is '2021.3.11f1 (0a5ca18544bf) revision 679073'; Using compiler version '192829333'; Build Type 'Release'
OS: 'Windows 10  (10.0.19044) 64bit Core' Language: 'en' Physical Memory: 32692 MB
BatchMode: 1, IsHumanControllingUs: 0, StartBugReporterOnCrash: 0, Is64bit: 1, IsPro: 1

COMMAND LINE ARGUMENTS:
C:\Program Files\Unity\Hub\Editor\2021.3.11f1\Editor\Unity.exe
-adb2
-batchMode
-noUpm
-name
AssetImportWorker0
-projectPath
C:/Users/19493/The Block Jumper
-logFile
Logs/AssetImportWorker0.log
-srvPort
54732
Successfully changed project path to: C:/Users/19493/The Block Jumper
C:/Users/19493/The Block Jumper
[UnityMemory] Configuration Parameters - Can be set up in boot.config
    "memorysetup-bucket-allocator-granularity=16"
    "memorysetup-bucket-allocator-bucket-count=8"
    "memorysetup-bucket-allocator-block-size=33554432"
    "memorysetup-bucket-allocator-block-count=8"
    "memorysetup-main-allocator-block-size=16777216"
    "memorysetup-thread-allocator-block-size=16777216"
    "memorysetup-gfx-main-allocator-block-size=16777216"
    "memorysetup-gfx-thread-allocator-block-size=16777216"
    "memorysetup-cache-allocator-block-size=4194304"
    "memorysetup-typetree-allocator-block-size=2097152"
    "memorysetup-profiler-bucket-allocator-granularity=16"
    "memorysetup-profiler-bucket-allocator-bucket-count=8"
    "memorysetup-profiler-bucket-allocator-block-size=33554432"
    "memorysetup-profiler-bucket-allocator-block-count=8"
    "memorysetup-profiler-allocator-block-size=16777216"
    "memorysetup-profiler-editor-allocator-block-size=1048576"
    "memorysetup-temp-allocator-size-main=16777216"
    "memorysetup-job-temp-allocator-block-size=2097152"
    "memorysetup-job-temp-allocator-block-size-background=1048576"
    "memorysetup-job-temp-allocator-reduction-small-platforms=262144"
    "memorysetup-temp-allocator-size-background-worker=32768"
    "memorysetup-temp-allocator-size-job-worker=262144"
    "memorysetup-temp-allocator-size-preload-manager=33554432"
    "memorysetup-temp-allocator-size-nav-mesh-worker=65536"
    "memorysetup-temp-allocator-size-audio-worker=65536"
    "memorysetup-temp-allocator-size-cloud-worker=32768"
    "memorysetup-temp-allocator-size-gi-baking-worker=262144"
    "memorysetup-temp-allocator-size-gfx=262144"
Refreshing native plugins compatible for Editor in 76.71 ms, found 4 plugins.
Preloading 0 native plugins for Editor in 0.00 ms.
Initialize engine version: 2021.3.11f1 (0a5ca18544bf)
[Subsystems] Discovering subsystems at path C:/Program Files/Unity/Hub/Editor/2021.3.11f1/Editor/Data/Resources/UnitySubsystems
[Subsystems] Discovering subsystems at path C:/Users/19493/The Block Jumper/Assets
GfxDevice: creating device client; threaded=0; jobified=0
Direct3D:
    Version:  Direct3D 11.0 [level 11.1]
    Renderer: NVIDIA GeForce RTX 2080 (ID=0x1e87)
    Vendor:   NVIDIA
    VRAM:     8010 MB
    Driver:   30.0.15.1215
Initialize mono
Mono path[0] = 'C:/Program Files/Unity/Hub/Editor/2021.3.11f1/Editor/Data/Managed'
Mono path[1] = 'C:/Program Files/Unity/Hub/Editor/2021.3.11f1/Editor/Data/MonoBleedingEdge/lib/mono/unityjit-win32'
Mono config path = 'C:/Program Files/Unity/Hub/Editor/2021.3.11f1/Editor/Data/MonoBleedingEdge/etc'
Using monoOptions --debugger-agent=transport=dt_socket,embedding=1,server=y,suspend=n,address=127.0.0.1:56044
Begin MonoManager ReloadAssembly
Registering precompiled unity dll's ...
Register platform support module: C:/Program Files/Unity/Hub/Editor/2021.3.11f1/Editor/Data/PlaybackEngines/WebGLSupport/UnityEditor.WebGL.Extensions.dll
Register platform support module: C:/Program Files/Unity/Hub/Editor/2021.3.11f1/Editor/Data/PlaybackEngines/WindowsStandaloneSupport/UnityEditor.WindowsStandalone.Extensions.dll
Registered in 0.005537 seconds.
Native extension for WindowsStandalone target not found
Native extension for WebGL target not found
Refreshing native plugins compatible for Editor in 78.42 ms, found 4 plugins.
Preloading 0 native plugins for Editor in 0.00 ms.
Mono: successfully reloaded assembly
- Completed reload, in  0.539 seconds
Domain Reload Profiling:
	ReloadAssembly (539ms)
		BeginReloadAssembly (54ms)
			ExecutionOrderSort (0ms)
			DisableScriptedObjects (0ms)
			BackupInstance (0ms)
			ReleaseScriptingObjects (0ms)
			CreateAndSetChildDomain (1ms)
		EndReloadAssembly (396ms)
			LoadAssemblies (53ms)
			RebuildTransferFunctionScriptingTraits (0ms)
			SetupTypeCache (88ms)
			ReleaseScriptCaches (0ms)
			RebuildScriptCaches (24ms)
			SetupLoadedEditorAssemblies (240ms)
				LogAssemblyErrors (0ms)
				InitializePlatformSupportModulesInManaged (7ms)
				SetLoadedEditorAssemblies (0ms)
				RefreshPlugins (79ms)
				BeforeProcessingInitializeOnLoad (1ms)
				ProcessInitializeOnLoadAttributes (116ms)
				ProcessInitializeOnLoadMethodAttributes (37ms)
				AfterProcessingInitializeOnLoad (0ms)
				EditorAssembliesLoaded (0ms)
			ExecutionOrderSort2 (0ms)
			AwakeInstancesAfterBackupRestoration (0ms)
Platform modules already initialized, skipping
Registering precompiled user dll's ...
Registered in 0.005328 seconds.
Begin MonoManager ReloadAssembly
Symbol file LoadedFromMemory doesn't match image C:\Users\19493\The Block Jumper\Library\PackageCache\com.unity.visualscripting@1.7.8\Editor\VisualScripting.Core\Dependencies\YamlDotNet\Unity.VisualScripting.YamlDotNet.dll
Symbol file LoadedFromMemory doesn't match image C:\Users\19493\The Block Jumper\Library\PackageCache\com.unity.visualscripting@1.7.8\Editor\VisualScripting.Core\Dependencies\DotNetZip\Unity.VisualScripting.IonicZip.dll
Native extension for WindowsStandalone target not found
Native extension for WebGL target not found
Refreshing native plugins compatible for Editor in 77.90 ms, found 4 plugins.
Preloading 0 native plugins for Editor in 0.00 ms.
Mono: successfully reloaded assembly
- Completed reload, in  0.957 seconds
Domain Reload Profiling:
	ReloadAssembly (958ms)
		BeginReloadAssembly (96ms)
			ExecutionOrderSort (0ms)
			DisableScriptedObjects (9ms)
			BackupInstance (0ms)
			ReleaseScriptingObjects (0ms)
			CreateAndSetChildDomain (17ms)
		EndReloadAssembly (762ms)
			LoadAssemblies (65ms)
			RebuildTransferFunctionScriptingTraits (0ms)
			SetupTypeCache (203ms)
			ReleaseScriptCaches (1ms)
			RebuildScriptCaches (46ms)
			SetupLoadedEditorAssemblies (406ms)
				LogAssemblyErrors (0ms)
				InitializePlatformSupportModulesInManaged (5ms)
				SetLoadedEditorAssemblies (0ms)
				RefreshPlugins (78ms)
				BeforeProcessingInitializeOnLoad (85ms)
				ProcessInitializeOnLoadAttributes (196ms)
				ProcessInitializeOnLoadMethodAttributes (37ms)
				AfterProcessingInitializeOnLoad (6ms)
				EditorAssembliesLoaded (0ms)
			ExecutionOrderSort2 (0ms)
			AwakeInstancesAfterBackupRestoration (6ms)
Platform modules already initialized, skipping
========================================================================
Worker process is ready to serve import requests
Launched and connected shader compiler UnityShaderCompiler.exe after 0.03 seconds
Refreshing native plugins compatible for Editor in 0.62 ms, found 4 plugins.
Preloading 0 native plugins for Editor in 0.00 ms.
Unloading 4068 Unused Serialized files (Serialized files now loaded: 0)
Unloading 44 unused Assets / (229.3 KB). Loaded Objects now: 4518.
Memory consumption went from 151.3 MB to 151.1 MB.
Total: 3.230800 ms (FindLiveObjects: 0.279700 ms CreateObjectMapping: 0.163200 ms MarkObjects: 2.656000 ms  DeleteObjects: 0.131200 ms)

AssetImportParameters requested are different than current active one (requested -> active):
  custom:video-decoder-ogg-theora: a1e56fd34408186e4bbccfd4996cb3dc -> 
  custom:container-muxer-webm: aa71ff27fc2769a1b78a27578f13a17b -> 
  custom:container-demuxer-webm: 4f35f7cbe854078d1ac9338744f61a02 -> 
  custom:video-encoder-webm-vp8: eb34c28f22e8b96e1ab97ce403110664 -> 
  custom:audio-encoder-webm-vorbis: bf7c407c2cedff20999df2af8eb42d56 -> 
  custom:framework-win-MediaFoundation: 216162199b28c13a410421893ffa2e32 -> 
  custom:container-demuxer-ogg: 62fdf1f143b41e24485cea50d1cbac27 -> 
  custom:video-decoder-webm-vp8: 9c59270c3fd7afecdb556c50c9e8de78 -> 
  custom:audio-decoder-ogg-vorbis: bf7c407c2cedff20999df2af8eb42d56 -> 
========================================================================
Received Import Request.
  Time since last request: 251395.321758 seconds.
  path: Assets/Background
  artifactKey: Guid(4fef5a77d55554f48b7d2e3e0d56acd4) Importer(815301076,1909f56bfc062723c751e8b465ee728b)
Start importing Assets/Background using Guid(4fef5a77d55554f48b7d2e3e0d56acd4) Importer(815301076,1909f56bfc062723c751e8b465ee728b)  -> (artifact id: '62b97d0c747a2a979d14364ec276f44c') in 0.010759 seconds 
========================================================================
Received Import Request.
  Time since last request: 11.464460 seconds.
  path: Assets/Platforms
  artifactKey: Guid(81b69a9cce615d34494d2708a8d86311) Importer(815301076,1909f56bfc062723c751e8b465ee728b)
Start importing Assets/Platforms using Guid(81b69a9cce615d34494d2708a8d86311) Importer(815301076,1909f56bfc062723c751e8b465ee728b)  -> (artifact id: '7cf2e97e30624979bd66e30b69c395e7') in 0.006047 seconds 
========================================================================
Received Import Request.
  Time since last request: 7.528756 seconds.
  path: Assets/Character
  artifactKey: Guid(8bda583b1fa01e640aef6293b8763f92) Importer(815301076,1909f56bfc062723c751e8b465ee728b)
Start importing Assets/Character using Guid(8bda583b1fa01e640aef6293b8763f92) Importer(815301076,1909f56bfc062723c751e8b465ee728b)  -> (artifact id: '00c5b1a5a6c5ca11abebe0271c268b17') in 0.004462 seconds 
========================================================================
Received Import Request.
  Time since last request: 5.320503 seconds.
  path: Assets/Other
  artifactKey: Guid(ba6951d07f606204d8531daff3836765) Importer(815301076,1909f56bfc062723c751e8b465ee728b)
Start importing Assets/Other using Guid(ba6951d07f606204d8531daff3836765) Importer(815301076,1909f56bfc062723c751e8b465ee728b)  -> (artifact id: '6b329c6daf6b5f6b4dcfa1532142fe77') in 0.005272 seconds 
========================================================================
Received Import Request.
  Time since last request: 168.906226 seconds.
  path: Assets/Main Characters
  artifactKey: Guid(300a157c499030044ad5042016a2f307) Importer(815301076,1909f56bfc062723c751e8b465ee728b)
Start importing Assets/Main Characters using Guid(300a157c499030044ad5042016a2f307) Importer(815301076,1909f56bfc062723c751e8b465ee728b)  -> (artifact id: '630dd7e275e81612ae773d02c58b58fd') in 0.004477 seconds 
========================================================================
Received Import Request.
  Time since last request: 10.805798 seconds.
  path: Assets/Character
  artifactKey: Guid(300a157c499030044ad5042016a2f307) Importer(815301076,1909f56bfc062723c751e8b465ee728b)
Start importing Assets/Character using Guid(300a157c499030044ad5042016a2f307) Importer(815301076,1909f56bfc062723c751e8b465ee728b)  -> (artifact id: 'fd1ae8ff5c5b9f1640800f02144ab5ae') in 0.001727 seconds 
========================================================================
Received Import Request.
  Time since last request: 8.058642 seconds.
  path: Assets/Background/blue_land.png
  artifactKey: Guid(6b905c111a0dd374b83a685ac0f8a07e) Importer(815301076,1909f56bfc062723c751e8b465ee728b)
Start importing Assets/Background/blue_land.png using Guid(6b905c111a0dd374b83a685ac0f8a07e) Importer(815301076,1909f56bfc062723c751e8b465ee728b)  -> (artifact id: 'c88c40d1ae568600b83cdd88bed7597d') in 0.145293 seconds 
========================================================================
Received Import Request.
  Time since last request: 55.912285 seconds.
  path: ProjectSettings/TagManager.asset
  artifactKey: Guid(00000000000000003000000000000000) Importer(815301076,1909f56bfc062723c751e8b465ee728b)
Start importing ProjectSettings/TagManager.asset using Guid(00000000000000003000000000000000) Importer(815301076,1909f56bfc062723c751e8b465ee728b)  -> (artifact id: '5f74b9f0782f3ffe8a654b2b60a9f33c') in 0.007377 seconds 
========================================================================
Received Import Request.
  Time since last request: 282.835075 seconds.
  path: Assets/Platforms/elementExplosive013.png
  artifactKey: Guid(95a69c7716ad1d643aa8ca92cea019c9) Importer(815301076,1909f56bfc062723c751e8b465ee728b)
Start importing Assets/Platforms/elementExplosive013.png using Guid(95a69c7716ad1d643aa8ca92cea019c9) Importer(815301076,1909f56bfc062723c751e8b465ee728b)  -> (artifact id: 'fc12e27b0b0acb285fc280871f1e403f') in 0.022886 seconds 
========================================================================
Received Import Request.
  Time since last request: 0.000021 seconds.
  path: Assets/Platforms/elementWood047.png
  artifactKey: Guid(fb5a179dad0ff6a439456b45bd38d749) Importer(815301076,1909f56bfc062723c751e8b465ee728b)
Start importing Assets/Platforms/elementWood047.png using Guid(fb5a179dad0ff6a439456b45bd38d749) Importer(815301076,1909f56bfc062723c751e8b465ee728b)  -> (artifact id: '749065c0f24a96487284cfdba04de08c') in 0.022024 seconds 
========================================================================
Received Import Request.
  Time since last request: 0.000016 seconds.
  path: Assets/Platforms/elementGlass033.png
  artifactKey: Guid(85d21e7ad7ea54f4292353e91c3c3a4c) Importer(815301076,1909f56bfc062723c751e8b465ee728b)
Start importing Assets/Platforms/elementGlass033.png using Guid(85d21e7ad7ea54f4292353e91c3c3a4c) Importer(815301076,1909f56bfc062723c751e8b465ee728b)  -> (artifact id: '3da3c28a9b2c4e2511a0b27dbff94b16') in 0.023642 seconds 
========================================================================
Received Import Request.
  Time since last request: 0.000015 seconds.
  path: Assets/Platforms/elementExplosive051.png
  artifactKey: Guid(18b8f6667766cca4388734fdea20549c) Importer(815301076,1909f56bfc062723c751e8b465ee728b)
Start importing Assets/Platforms/elementExplosive051.png using Guid(18b8f6667766cca4388734fdea20549c) Importer(815301076,1909f56bfc062723c751e8b465ee728b)  -> (artifact id: 'efb841dc461d67584669c9c62d80dffb') in 0.019989 seconds 
========================================================================
Received Import Request.
  Time since last request: 0.000017 seconds.
  path: Assets/Platforms/elementGlass030.png
  artifactKey: Guid(39131bca7ec126142bf0558f3b71b179) Importer(815301076,1909f56bfc062723c751e8b465ee728b)
Start importing Assets/Platforms/elementGlass030.png using Guid(39131bca7ec126142bf0558f3b71b179) Importer(815301076,1909f56bfc062723c751e8b465ee728b)  -> (artifact id: 'dd99d41e6f5b4cf5901f4c0326f1c169') in 0.035705 seconds 
========================================================================
Received Import Request.
  Time since last request: 0.000020 seconds.
  path: Assets/Platforms/elementWood015.png
  artifactKey: Guid(ab0d1370a16cb9f49b1db5b362d7a09e) Importer(815301076,1909f56bfc062723c751e8b465ee728b)
Start importing Assets/Platforms/elementWood015.png using Guid(ab0d1370a16cb9f49b1db5b362d7a09e) Importer(815301076,1909f56bfc062723c751e8b465ee728b)  -> (artifact id: '807b87e43c3ea73ea6e5de00502671c0') in 0.018612 seconds 
========================================================================
Received Import Request.
  Time since last request: 0.000018 seconds.
  path: Assets/Platforms/elementMetal013.png
  artifactKey: Guid(8cbac0ea418f16e4fa8a6712219510e9) Importer(815301076,1909f56bfc062723c751e8b465ee728b)
Start importing Assets/Platforms/elementMetal013.png using Guid(8cbac0ea418f16e4fa8a6712219510e9) Importer(815301076,1909f56bfc062723c751e8b465ee728b)  -> (artifact id: 'f19e7721103f1b874ca66b4bdb00a585') in 0.013861 seconds 
========================================================================
Received Import Request.
  Time since last request: 0.000020 seconds.
  path: Assets/Platforms/elementStone048.png
  artifactKey: Guid(06ba439a3497142408dfcc93c9db2bdc) Importer(815301076,1909f56bfc062723c751e8b465ee728b)
Start importing Assets/Platforms/elementStone048.png using Guid(06ba439a3497142408dfcc93c9db2bdc) Importer(815301076,1909f56bfc062723c751e8b465ee728b)  -> (artifact id: '8137ec27aae102e9d2b2cb97e92fcac3') in 0.013410 seconds 
========================================================================
Received Import Request.
  Time since last request: 0.000030 seconds.
  path: Assets/Platforms/elementWood028.png
  artifactKey: Guid(6db01c0298bab7142a192240792d153f) Importer(815301076,1909f56bfc062723c751e8b465ee728b)
Start importing Assets/Platforms/elementWood028.png using Guid(6db01c0298bab7142a192240792d153f) Importer(815301076,1909f56bfc062723c751e8b465ee728b)  -> (artifact id: 'b47846c48fd570e62a8d347b5c6a75de') in 0.012357 seconds 
========================================================================
Received Import Request.
  Time since last request: 0.000022 seconds.
  path: Assets/Platforms/elementMetal051.png
  artifactKey: Guid(7608e8e92ec3b254e8236857730ac883) Importer(815301076,1909f56bfc062723c751e8b465ee728b)
Start importing Assets/Platforms/elementMetal051.png using Guid(7608e8e92ec3b254e8236857730ac883) Importer(815301076,1909f56bfc062723c751e8b465ee728b)  -> (artifact id: 'e53360fe64fdb58e0dd124960434cdd2') in 0.013757 seconds 
========================================================================
Received Import Request.
  Time since last request: 0.000020 seconds.
  path: Assets/Platforms/elementExplosive032.png
  artifactKey: Guid(8cd418a50f401054c8dffc444c8d54f6) Importer(815301076,1909f56bfc062723c751e8b465ee728b)
Start importing Assets/Platforms/elementExplosive032.png using Guid(8cd418a50f401054c8dffc444c8d54f6) Importer(815301076,1909f56bfc062723c751e8b465ee728b)  -> (artifact id: '0463cd7ae99217f50ebaa8563294233a') in 0.012384 seconds 
========================================================================
Received Import Request.
  Time since last request: 0.000024 seconds.
  path: Assets/Platforms/elementStone032.png
  artifactKey: Guid(c9dc9bbd707e45f4fa801c40e0032908) Importer(815301076,1909f56bfc062723c751e8b465ee728b)
Start importing Assets/Platforms/elementStone032.png using Guid(c9dc9bbd707e45f4fa801c40e0032908) Importer(815301076,1909f56bfc062723c751e8b465ee728b)  -> (artifact id: 'da33218c4e335a3ef27a8847d23f32fb') in 0.011115 seconds 
========================================================================
Received Import Request.
  Time since last request: 0.000033 seconds.
  path: Assets/Platforms/elementGlass017.png
  artifactKey: Guid(cdf5ef881528ddb479f95593fdc30876) Importer(815301076,1909f56bfc062723c751e8b465ee728b)
Start importing Assets/Platforms/elementGlass017.png using Guid(cdf5ef881528ddb479f95593fdc30876) Importer(815301076,1909f56bfc062723c751e8b465ee728b)  -> (artifact id: '1dd5afd29bde277ef8fc03405fbac117') in 0.012785 seconds 
========================================================================
Received Import Request.
  Time since last request: 0.000021 seconds.
  path: Assets/Platforms/elementMetal016.png
  artifactKey: Guid(0a25dfd090835d34c945e58b3d391961) Importer(815301076,1909f56bfc062723c751e8b465ee728b)
Start importing Assets/Platforms/elementMetal016.png using Guid(0a25dfd090835d34c945e58b3d391961) Importer(815301076,1909f56bfc062723c751e8b465ee728b)  -> (artifact id: 'd4a70e384a908b38e0472e28b86daba6') in 0.011743 seconds 
Editor requested this worker to shutdown with reason: Scaling down because of idle timeout
AssetImportWorker is now disconnected from the server
Process exiting
Exiting without the bug reporter. Application will terminate with return code 0