Using pre-set license
Built from '2021.3/staging' branch; Version is '2021.3.11f1 (0a5ca18544bf) revision 679073'; Using compiler version '192829333'; Build Type 'Release'
OS: 'Windows 11  (10.0.22000) 64bit Enterprise' Language: 'en' Physical Memory: 16337 MB
BatchMode: 1, IsHumanControllingUs: 0, StartBugReporterOnCrash: 0, Is64bit: 1, IsPro: 1

COMMAND LINE ARGUMENTS:
C:\Program Files\Unity\2021.3.11f1\Editor\Unity.exe
-adb2
-batchMode
-noUpm
-name
AssetImportWorker4
-projectPath
C:/Users/Michael/Desktop/unity projects/update/BlockJumper
-logFile
Logs/AssetImportWorker4.log
-srvPort
51501
Successfully changed project path to: C:/Users/Michael/Desktop/unity projects/update/BlockJumper
C:/Users/Michael/Desktop/unity projects/update/BlockJumper
[UnityMemory] Configuration Parameters - Can be set up in boot.config
    "memorysetup-bucket-allocator-granularity=16"
    "memorysetup-bucket-allocator-bucket-count=8"
    "memorysetup-bucket-allocator-block-size=33554432"
    "memorysetup-bucket-allocator-block-count=8"
    "memorysetup-main-allocator-block-size=16777216"
    "memorysetup-thread-allocator-block-size=16777216"
    "memorysetup-gfx-main-allocator-block-size=16777216"
    "memorysetup-gfx-thread-allocator-block-size=16777216"
    "memorysetup-cache-allocator-block-size=4194304"
    "memorysetup-typetree-allocator-block-size=2097152"
    "memorysetup-profiler-bucket-allocator-granularity=16"
    "memorysetup-profiler-bucket-allocator-bucket-count=8"
    "memorysetup-profiler-bucket-allocator-block-size=33554432"
    "memorysetup-profiler-bucket-allocator-block-count=8"
    "memorysetup-profiler-allocator-block-size=16777216"
    "memorysetup-profiler-editor-allocator-block-size=1048576"
    "memorysetup-temp-allocator-size-main=16777216"
    "memorysetup-job-temp-allocator-block-size=2097152"
    "memorysetup-job-temp-allocator-block-size-background=1048576"
    "memorysetup-job-temp-allocator-reduction-small-platforms=262144"
    "memorysetup-temp-allocator-size-background-worker=32768"
    "memorysetup-temp-allocator-size-job-worker=262144"
    "memorysetup-temp-allocator-size-preload-manager=33554432"
    "memorysetup-temp-allocator-size-nav-mesh-worker=65536"
    "memorysetup-temp-allocator-size-audio-worker=65536"
    "memorysetup-temp-allocator-size-cloud-worker=32768"
    "memorysetup-temp-allocator-size-gi-baking-worker=262144"
    "memorysetup-temp-allocator-size-gfx=262144"
Refreshing native plugins compatible for Editor in 71.16 ms, found 3 plugins.
Preloading 0 native plugins for Editor in 0.00 ms.
Initialize engine version: 2021.3.11f1 (0a5ca18544bf)
[Subsystems] Discovering subsystems at path C:/Program Files/Unity/2021.3.11f1/Editor/Data/Resources/UnitySubsystems
[Subsystems] Discovering subsystems at path C:/Users/Michael/Desktop/unity projects/update/BlockJumper/Assets
GfxDevice: creating device client; threaded=0; jobified=0
Direct3D:
    Version:  Direct3D 11.0 [level 11.1]
    Renderer: NVIDIA GeForce RTX 3070 (ID=0x2484)
    Vendor:   NVIDIA
    VRAM:     8043 MB
    Driver:   31.0.15.2225
Initialize mono
Mono path[0] = 'C:/Program Files/Unity/2021.3.11f1/Editor/Data/Managed'
Mono path[1] = 'C:/Program Files/Unity/2021.3.11f1/Editor/Data/MonoBleedingEdge/lib/mono/unityjit-win32'
Mono config path = 'C:/Program Files/Unity/2021.3.11f1/Editor/Data/MonoBleedingEdge/etc'
Using monoOptions --debugger-agent=transport=dt_socket,embedding=1,server=y,suspend=n,address=127.0.0.1:56148
Begin MonoManager ReloadAssembly
Registering precompiled unity dll's ...
Register platform support module: C:/Program Files/Unity/2021.3.11f1/Editor/Data/PlaybackEngines/AndroidPlayer/UnityEditor.Android.Extensions.dll
Register platform support module: C:/Program Files/Unity/2021.3.11f1/Editor/Data/PlaybackEngines/iOSSupport/UnityEditor.iOS.Extensions.dll
Register platform support module: C:/Program Files/Unity/2021.3.11f1/Editor/Data/PlaybackEngines/WindowsStandaloneSupport/UnityEditor.WindowsStandalone.Extensions.dll
Registered in 0.005047 seconds.
Native extension for WindowsStandalone target not found
[usbmuxd] Start listen thread
[usbmuxd] Listen thread started
Native extension for iOS target not found
Native extension for Android target not found
Refreshing native plugins compatible for Editor in 68.57 ms, found 3 plugins.
Preloading 0 native plugins for Editor in 0.00 ms.
Mono: successfully reloaded assembly
- Completed reload, in  0.550 seconds
Domain Reload Profiling:
	ReloadAssembly (551ms)
		BeginReloadAssembly (64ms)
			ExecutionOrderSort (0ms)
			DisableScriptedObjects (0ms)
			BackupInstance (0ms)
			ReleaseScriptingObjects (0ms)
			CreateAndSetChildDomain (1ms)
		EndReloadAssembly (392ms)
			LoadAssemblies (63ms)
			RebuildTransferFunctionScriptingTraits (0ms)
			SetupTypeCache (88ms)
			ReleaseScriptCaches (0ms)
			RebuildScriptCaches (22ms)
			SetupLoadedEditorAssemblies (240ms)
				LogAssemblyErrors (0ms)
				InitializePlatformSupportModulesInManaged (53ms)
				SetLoadedEditorAssemblies (0ms)
				RefreshPlugins (69ms)
				BeforeProcessingInitializeOnLoad (1ms)
				ProcessInitializeOnLoadAttributes (79ms)
				ProcessInitializeOnLoadMethodAttributes (39ms)
				AfterProcessingInitializeOnLoad (0ms)
				EditorAssembliesLoaded (0ms)
			ExecutionOrderSort2 (0ms)
			AwakeInstancesAfterBackupRestoration (0ms)
Platform modules already initialized, skipping
Registering precompiled user dll's ...
Registered in 0.005446 seconds.
Begin MonoManager ReloadAssembly
Symbol file LoadedFromMemory doesn't match image C:\Users\Michael\Desktop\unity projects\update\BlockJumper\Library\PackageCache\com.unity.visualscripting@1.7.8\Editor\VisualScripting.Core\Dependencies\YamlDotNet\Unity.VisualScripting.YamlDotNet.dll
Symbol file LoadedFromMemory doesn't match image C:\Users\Michael\Desktop\unity projects\update\BlockJumper\Library\PackageCache\com.unity.visualscripting@1.7.8\Editor\VisualScripting.Core\Dependencies\DotNetZip\Unity.VisualScripting.IonicZip.dll
Script error: OnCollisionEnter2D
This message parameter has to be of type: Collision2D
The message will be ignored.
Native extension for WindowsStandalone target not found
Native extension for iOS target not found
Native extension for Android target not found
Refreshing native plugins compatible for Editor in 83.86 ms, found 3 plugins.
Preloading 0 native plugins for Editor in 0.00 ms.
Mono: successfully reloaded assembly
- Completed reload, in  1.101 seconds
Domain Reload Profiling:
	ReloadAssembly (1102ms)
		BeginReloadAssembly (203ms)
			ExecutionOrderSort (0ms)
			DisableScriptedObjects (5ms)
			BackupInstance (0ms)
			ReleaseScriptingObjects (0ms)
			CreateAndSetChildDomain (128ms)
		EndReloadAssembly (802ms)
			LoadAssemblies (67ms)
			RebuildTransferFunctionScriptingTraits (0ms)
			SetupTypeCache (191ms)
			ReleaseScriptCaches (1ms)
			RebuildScriptCaches (46ms)
			SetupLoadedEditorAssemblies (454ms)
				LogAssemblyErrors (0ms)
				InitializePlatformSupportModulesInManaged (26ms)
				SetLoadedEditorAssemblies (1ms)
				RefreshPlugins (84ms)
				BeforeProcessingInitializeOnLoad (92ms)
				ProcessInitializeOnLoadAttributes (226ms)
				ProcessInitializeOnLoadMethodAttributes (19ms)
				AfterProcessingInitializeOnLoad (6ms)
				EditorAssembliesLoaded (0ms)
			ExecutionOrderSort2 (0ms)
			AwakeInstancesAfterBackupRestoration (7ms)
Platform modules already initialized, skipping
========================================================================
Worker process is ready to serve import requests
Launched and connected shader compiler UnityShaderCompiler.exe after 0.04 seconds
Refreshing native plugins compatible for Editor in 0.60 ms, found 3 plugins.
Preloading 0 native plugins for Editor in 0.00 ms.
Unloading 3675 Unused Serialized files (Serialized files now loaded: 0)
Unloading 27 unused Assets / (56.1 KB). Loaded Objects now: 4139.
Memory consumption went from 130.9 MB to 130.9 MB.
Total: 2.788900 ms (FindLiveObjects: 0.266900 ms CreateObjectMapping: 0.095300 ms MarkObjects: 2.364600 ms  DeleteObjects: 0.061200 ms)

AssetImportParameters requested are different than current active one (requested -> active):
  custom:video-decoder-ogg-theora: a1e56fd34408186e4bbccfd4996cb3dc -> 
  custom:container-muxer-webm: aa71ff27fc2769a1b78a27578f13a17b -> 
  custom:container-demuxer-webm: 4f35f7cbe854078d1ac9338744f61a02 -> 
  custom:video-encoder-webm-vp8: eb34c28f22e8b96e1ab97ce403110664 -> 
  custom:audio-encoder-webm-vorbis: bf7c407c2cedff20999df2af8eb42d56 -> 
  custom:framework-win-MediaFoundation: 216162199b28c13a410421893ffa2e32 -> 
  custom:container-demuxer-ogg: 62fdf1f143b41e24485cea50d1cbac27 -> 
  custom:video-decoder-webm-vp8: 9c59270c3fd7afecdb556c50c9e8de78 -> 
  custom:audio-decoder-ogg-vorbis: bf7c407c2cedff20999df2af8eb42d56 -> 
========================================================================
Received Import Request.
  Time since last request: 142674.885310 seconds.
  path: Assets/War/Slime Enemy - Pixel Art/Sprites/Jump/Blue/Sprite Sheet - Blue Jump Down.png
  artifactKey: Guid(88d21bdbf6e4b1e4f806064dcaedf30e) Importer(815301076,1909f56bfc062723c751e8b465ee728b)
Start importing Assets/War/Slime Enemy - Pixel Art/Sprites/Jump/Blue/Sprite Sheet - Blue Jump Down.png using Guid(88d21bdbf6e4b1e4f806064dcaedf30e) Importer(815301076,1909f56bfc062723c751e8b465ee728b)  -> (artifact id: '343e0d50ef0b405b60f65d89d18f9457') in 0.098455 seconds 
========================================================================
Received Import Request.
  Time since last request: 10.956608 seconds.
  path: Assets/Background/blue_land.png
  artifactKey: Guid(6b905c111a0dd374b83a685ac0f8a07e) Importer(815301076,1909f56bfc062723c751e8b465ee728b)
Start importing Assets/Background/blue_land.png using Guid(6b905c111a0dd374b83a685ac0f8a07e) Importer(815301076,1909f56bfc062723c751e8b465ee728b)  -> (artifact id: '945fefb79083c57cfae8ac0642698540') in 0.075587 seconds 
========================================================================
Received Import Request.
  Time since last request: 2.161971 seconds.
  path: Assets/Other/coinBronze.png
  artifactKey: Guid(50ebb352fbcabc444a2e97a9e9cb6c92) Importer(815301076,1909f56bfc062723c751e8b465ee728b)
Start importing Assets/Other/coinBronze.png using Guid(50ebb352fbcabc444a2e97a9e9cb6c92) Importer(815301076,1909f56bfc062723c751e8b465ee728b)  -> (artifact id: '4e4a2e77ae77d30870b8f5a2b310c0bb') in 0.020660 seconds 
========================================================================
Received Import Request.
  Time since last request: 0.000020 seconds.
  path: Assets/Other/coinSilver.png
  artifactKey: Guid(d2a6f2c7dc22eef46b660033204c8dd7) Importer(815301076,1909f56bfc062723c751e8b465ee728b)
Start importing Assets/Other/coinSilver.png using Guid(d2a6f2c7dc22eef46b660033204c8dd7) Importer(815301076,1909f56bfc062723c751e8b465ee728b)  -> (artifact id: '9fe8393aeced0c4361ec2704e91be829') in 0.033226 seconds 
========================================================================
Received Import Request.
  Time since last request: 0.286064 seconds.
  path: Assets/Platforms/elementExplosive013.png
  artifactKey: Guid(95a69c7716ad1d643aa8ca92cea019c9) Importer(815301076,1909f56bfc062723c751e8b465ee728b)
Start importing Assets/Platforms/elementExplosive013.png using Guid(95a69c7716ad1d643aa8ca92cea019c9) Importer(815301076,1909f56bfc062723c751e8b465ee728b)  -> (artifact id: 'e2f8a5dcf8b87179ca95db3cdb403b48') in 0.029558 seconds 
========================================================================
Received Import Request.
  Time since last request: 0.000023 seconds.
  path: Assets/Platforms/elementExplosive051.png
  artifactKey: Guid(18b8f6667766cca4388734fdea20549c) Importer(815301076,1909f56bfc062723c751e8b465ee728b)
Start importing Assets/Platforms/elementExplosive051.png using Guid(18b8f6667766cca4388734fdea20549c) Importer(815301076,1909f56bfc062723c751e8b465ee728b)  -> (artifact id: '703185add747c74d7e501803726c7097') in 0.027916 seconds 
========================================================================
Received Import Request.
  Time since last request: 0.000033 seconds.
  path: Assets/Platforms/elementWood015.png
  artifactKey: Guid(ab0d1370a16cb9f49b1db5b362d7a09e) Importer(815301076,1909f56bfc062723c751e8b465ee728b)
Start importing Assets/Platforms/elementWood015.png using Guid(ab0d1370a16cb9f49b1db5b362d7a09e) Importer(815301076,1909f56bfc062723c751e8b465ee728b)  -> (artifact id: 'fde3cac80ab0471f713fa3b352af8724') in 0.017761 seconds 
========================================================================
Received Import Request.
  Time since last request: 0.000031 seconds.
  path: Assets/Platforms/elementStone013.png
  artifactKey: Guid(29a185fd70bcfc840ab4eec9b5940a53) Importer(815301076,1909f56bfc062723c751e8b465ee728b)
Start importing Assets/Platforms/elementStone013.png using Guid(29a185fd70bcfc840ab4eec9b5940a53) Importer(815301076,1909f56bfc062723c751e8b465ee728b)  -> (artifact id: '1ade002a78a5b1ae73c868f2ac3e37af') in 0.015657 seconds 
========================================================================
Received Import Request.
  Time since last request: 0.000017 seconds.
  path: Assets/Platforms/elementWood028.png
  artifactKey: Guid(6db01c0298bab7142a192240792d153f) Importer(815301076,1909f56bfc062723c751e8b465ee728b)
Start importing Assets/Platforms/elementWood028.png using Guid(6db01c0298bab7142a192240792d153f) Importer(815301076,1909f56bfc062723c751e8b465ee728b)  -> (artifact id: '675daebb2cf6613fa7e2e0807921434d') in 0.015848 seconds 
========================================================================
Received Import Request.
  Time since last request: 0.000021 seconds.
  path: Assets/Platforms/elementMetal032.png
  artifactKey: Guid(bbcf969e3df89a64d85dce3df8d41126) Importer(815301076,1909f56bfc062723c751e8b465ee728b)
Start importing Assets/Platforms/elementMetal032.png using Guid(bbcf969e3df89a64d85dce3df8d41126) Importer(815301076,1909f56bfc062723c751e8b465ee728b)  -> (artifact id: 'b26e8a3306cedd19383b5441141840e6') in 0.016304 seconds 
========================================================================
Received Import Request.
  Time since last request: 0.000025 seconds.
  path: Assets/Platforms/elementGlass014.png
  artifactKey: Guid(4f0e99aec9fd8bc418bda9966ad1246d) Importer(815301076,1909f56bfc062723c751e8b465ee728b)
Start importing Assets/Platforms/elementGlass014.png using Guid(4f0e99aec9fd8bc418bda9966ad1246d) Importer(815301076,1909f56bfc062723c751e8b465ee728b)  -> (artifact id: '24772789c7a09364530543f1fbccfba5') in 0.016261 seconds 
========================================================================
Received Import Request.
  Time since last request: 0.000031 seconds.
  path: Assets/Platforms/elementGlass049.png
  artifactKey: Guid(f916b37062c4fa2419e3b98a83a9cff5) Importer(815301076,1909f56bfc062723c751e8b465ee728b)
Start importing Assets/Platforms/elementGlass049.png using Guid(f916b37062c4fa2419e3b98a83a9cff5) Importer(815301076,1909f56bfc062723c751e8b465ee728b)  -> (artifact id: 'd024e45ef672d0bc044873ea0baff5a4') in 0.013270 seconds 
Editor requested this worker to shutdown with reason: Scaling down because of idle timeout
AssetImportWorker is now disconnected from the server
Process exiting
Exiting without the bug reporter. Application will terminate with return code 0